D:\Visual Studio\Common7\IDE\VC\VCTargets\Microsoft.CppBuild.targets(387,5): warning MSB8028: промежуточный каталог (Debug\) содержит файлы, которые используются совместно с другим проектом (LexAnalizer.vcxproj).  Это может привести к ошибкам очистки и перестроения.
  Functions.cpp
c:\users\grisha1.grisha-hppc\documents\visual studio 2017\projects\lexanalizer\lexanalizer\functions.cpp(36): warning C4554: &: проверьте порядок применения операторов на наличие ошибки; для четкого задания порядка используйте скобки
c:\users\grisha1.grisha-hppc\documents\visual studio 2017\projects\lexanalizer\lexanalizer\functions.cpp(37): warning C4554: &: проверьте порядок применения операторов на наличие ошибки; для четкого задания порядка используйте скобки
c:\users\grisha1.grisha-hppc\documents\visual studio 2017\projects\lexanalizer\lexanalizer\functions.cpp(38): warning C4554: &: проверьте порядок применения операторов на наличие ошибки; для четкого задания порядка используйте скобки
c:\users\grisha1.grisha-hppc\documents\visual studio 2017\projects\lexanalizer\lexanalizer\functions.cpp(39): warning C4554: &: проверьте порядок применения операторов на наличие ошибки; для четкого задания порядка используйте скобки
c:\users\grisha1.grisha-hppc\documents\visual studio 2017\projects\lexanalizer\lexanalizer\functions.cpp(40): warning C4554: &: проверьте порядок применения операторов на наличие ошибки; для четкого задания порядка используйте скобки
c:\users\grisha1.grisha-hppc\documents\visual studio 2017\projects\lexanalizer\lexanalizer\functions.cpp(41): warning C4554: &: проверьте порядок применения операторов на наличие ошибки; для четкого задания порядка используйте скобки
c:\users\grisha1.grisha-hppc\documents\visual studio 2017\projects\lexanalizer\lexanalizer\functions.cpp(44): warning C4554: &: проверьте порядок применения операторов на наличие ошибки; для четкого задания порядка используйте скобки
c:\users\grisha1.grisha-hppc\documents\visual studio 2017\projects\lexanalizer\lexanalizer\functions.cpp(45): warning C4554: &: проверьте порядок применения операторов на наличие ошибки; для четкого задания порядка используйте скобки
c:\users\grisha1.grisha-hppc\documents\visual studio 2017\projects\lexanalizer\lexanalizer\functions.cpp(46): warning C4554: &: проверьте порядок применения операторов на наличие ошибки; для четкого задания порядка используйте скобки
c:\users\grisha1.grisha-hppc\documents\visual studio 2017\projects\lexanalizer\lexanalizer\functions.cpp(47): warning C4554: &: проверьте порядок применения операторов на наличие ошибки; для четкого задания порядка используйте скобки
c:\users\grisha1.grisha-hppc\documents\visual studio 2017\projects\lexanalizer\lexanalizer\functions.cpp(50): warning C4554: &: проверьте порядок применения операторов на наличие ошибки; для четкого задания порядка используйте скобки
c:\users\grisha1.grisha-hppc\documents\visual studio 2017\projects\lexanalizer\lexanalizer\functions.cpp(51): warning C4554: &: проверьте порядок применения операторов на наличие ошибки; для четкого задания порядка используйте скобки
c:\users\grisha1.grisha-hppc\documents\visual studio 2017\projects\lexanalizer\lexanalizer\functions.cpp(52): warning C4554: &: проверьте порядок применения операторов на наличие ошибки; для четкого задания порядка используйте скобки
c:\users\grisha1.grisha-hppc\documents\visual studio 2017\projects\lexanalizer\lexanalizer\functions.cpp(53): warning C4554: &: проверьте порядок применения операторов на наличие ошибки; для четкого задания порядка используйте скобки
c:\users\grisha1.grisha-hppc\documents\visual studio 2017\projects\lexanalizer\lexanalizer\functions.cpp(54): warning C4554: &: проверьте порядок применения операторов на наличие ошибки; для четкого задания порядка используйте скобки
c:\users\grisha1.grisha-hppc\documents\visual studio 2017\projects\lexanalizer\lexanalizer\functions.cpp(55): warning C4554: &: проверьте порядок применения операторов на наличие ошибки; для четкого задания порядка используйте скобки
c:\users\grisha1.grisha-hppc\documents\visual studio 2017\projects\lexanalizer\lexanalizer\functions.cpp(154): warning C4018: <: несоответствие типов со знаком и без знака
c:\users\grisha1.grisha-hppc\documents\visual studio 2017\projects\lexanalizer\lexanalizer\functions.cpp(165): warning C4018: <: несоответствие типов со знаком и без знака
c:\users\grisha1.grisha-hppc\documents\visual studio 2017\projects\lexanalizer\lexanalizer\functions.cpp(176): warning C4018: <: несоответствие типов со знаком и без знака
c:\users\grisha1.grisha-hppc\documents\visual studio 2017\projects\lexanalizer\lexanalizer\functions.cpp(185): warning C4018: <: несоответствие типов со знаком и без знака
c:\users\grisha1.grisha-hppc\documents\visual studio 2017\projects\lexanalizer\lexanalizer\functions.cpp(216): warning C4018: <: несоответствие типов со знаком и без знака
c:\users\grisha1.grisha-hppc\documents\visual studio 2017\projects\lexanalizer\lexanalizer\functions.cpp(250): warning C4018: <: несоответствие типов со знаком и без знака
c:\users\grisha1.grisha-hppc\documents\visual studio 2017\projects\lexanalizer\lexanalizer\functions.cpp(388): warning C4018: <: несоответствие типов со знаком и без знака
c:\users\grisha1.grisha-hppc\documents\visual studio 2017\projects\lexanalizer\lexanalizer\functions.cpp(419): warning C4018: <: несоответствие типов со знаком и без знака
c:\users\grisha1.grisha-hppc\documents\visual studio 2017\projects\lexanalizer\lexanalizer\functions.cpp(425): warning C4018: <: несоответствие типов со знаком и без знака
c:\users\grisha1.grisha-hppc\documents\visual studio 2017\projects\lexanalizer\lexanalizer\functions.cpp(452): warning C4018: <: несоответствие типов со знаком и без знака
c:\users\grisha1.grisha-hppc\documents\visual studio 2017\projects\lexanalizer\lexanalizer\functions.cpp(455): warning C4018: <: несоответствие типов со знаком и без знака
c:\users\grisha1.grisha-hppc\documents\visual studio 2017\projects\lexanalizer\lexanalizer\functions.cpp(462): warning C4018: <: несоответствие типов со знаком и без знака
c:\users\grisha1.grisha-hppc\documents\visual studio 2017\projects\lexanalizer\lexanalizer\functions.cpp(469): warning C4018: <: несоответствие типов со знаком и без знака
c:\users\grisha1.grisha-hppc\documents\visual studio 2017\projects\lexanalizer\lexanalizer\functions.cpp(476): warning C4018: <: несоответствие типов со знаком и без знака
c:\users\grisha1.grisha-hppc\documents\visual studio 2017\projects\lexanalizer\lexanalizer\functions.cpp(490): warning C4018: <: несоответствие типов со знаком и без знака
c:\users\grisha1.grisha-hppc\documents\visual studio 2017\projects\lexanalizer\lexanalizer\functions.cpp(497): warning C4018: <: несоответствие типов со знаком и без знака
c:\users\grisha1.grisha-hppc\documents\visual studio 2017\projects\lexanalizer\lexanalizer\functions.cpp(549): warning C4018: <: несоответствие типов со знаком и без знака
c:\users\grisha1.grisha-hppc\documents\visual studio 2017\projects\lexanalizer\lexanalizer\functions.cpp(558): warning C4018: <: несоответствие типов со знаком и без знака
c:\users\grisha1.grisha-hppc\documents\visual studio 2017\projects\lexanalizer\lexanalizer\functions.cpp(573): warning C4018: <: несоответствие типов со знаком и без знака
c:\users\grisha1.grisha-hppc\documents\visual studio 2017\projects\lexanalizer\lexanalizer\functions.cpp(583): warning C4018: <: несоответствие типов со знаком и без знака
  Создание кода...
  Пропуск... (изменения не обнаружены)
  test.cpp
  LexAnalizer.vcxproj -> C:\Users\Grisha1.Grisha-HPpc\documents\visual studio 2017\Projects\LexAnalizer\Debug\Course_Work_SP.exe
  LexAnalizer.vcxproj -> C:\Users\Grisha1.Grisha-HPpc\documents\visual studio 2017\Projects\LexAnalizer\Debug\Course_Work_SP.pdb (Partial PDB)
