  main.c
c:\users\grisha1.grisha-hppc\documents\visual studio 2017\projects\kursova\kursova\main.c(32): warning C4013: main_diagonal_1: нет определения; предполагается "extern" с возвратом типа "int"
c:\users\grisha1.grisha-hppc\documents\visual studio 2017\projects\kursova\kursova\main.c(34): warning C4013: second_diagonal_1: нет определения; предполагается "extern" с возвратом типа "int"
c:\users\grisha1.grisha-hppc\documents\visual studio 2017\projects\kursova\kursova\main.c(46): warning C4013: main_diagonal_2: нет определения; предполагается "extern" с возвратом типа "int"
c:\users\grisha1.grisha-hppc\documents\visual studio 2017\projects\kursova\kursova\main.c(48): warning C4013: second_diagonal_2: нет определения; предполагается "extern" с возвратом типа "int"
c:\users\grisha1.grisha-hppc\documents\visual studio 2017\projects\kursova\kursova\main.c(93): warning C4022: free: несоответствие указателя для фактического параметра 1
c:\users\grisha1.grisha-hppc\documents\visual studio 2017\projects\kursova\kursova\main.c(112): warning C4022: free: несоответствие указателя для фактического параметра 1
c:\users\grisha1.grisha-hppc\documents\visual studio 2017\projects\kursova\kursova\main.c(136): warning C4022: free: несоответствие указателя для фактического параметра 1
c:\users\grisha1.grisha-hppc\documents\visual studio 2017\projects\kursova\kursova\main.c(155): warning C4022: free: несоответствие указателя для фактического параметра 1
c:\users\grisha1.grisha-hppc\documents\visual studio 2017\projects\kursova\kursova\main.c(11): warning C4996: 'scanf': This function or variable may be unsafe. Consider using scanf_s instead. To disable deprecation, use _CRT_SECURE_NO_WARNINGS. See online help for details.
  c:\program files (x86)\windows kits\10\include\10.0.15063.0\ucrt\stdio.h(1272): note:  см. объявление "scanf"
c:\users\grisha1.grisha-hppc\documents\visual studio 2017\projects\kursova\kursova\main.c(21): warning C4996: 'scanf': This function or variable may be unsafe. Consider using scanf_s instead. To disable deprecation, use _CRT_SECURE_NO_WARNINGS. See online help for details.
  c:\program files (x86)\windows kits\10\include\10.0.15063.0\ucrt\stdio.h(1272): note:  см. объявление "scanf"
c:\users\grisha1.grisha-hppc\documents\visual studio 2017\projects\kursova\kursova\main.c(30): warning C4996: 'scanf': This function or variable may be unsafe. Consider using scanf_s instead. To disable deprecation, use _CRT_SECURE_NO_WARNINGS. See online help for details.
  c:\program files (x86)\windows kits\10\include\10.0.15063.0\ucrt\stdio.h(1272): note:  см. объявление "scanf"
c:\users\grisha1.grisha-hppc\documents\visual studio 2017\projects\kursova\kursova\main.c(43): warning C4996: 'scanf': This function or variable may be unsafe. Consider using scanf_s instead. To disable deprecation, use _CRT_SECURE_NO_WARNINGS. See online help for details.
  c:\program files (x86)\windows kits\10\include\10.0.15063.0\ucrt\stdio.h(1272): note:  см. объявление "scanf"
  in_out.c
  Common.c
  Alg_2t.c
c:\users\grisha1.grisha-hppc\documents\visual studio 2017\projects\kursova\kursova\alg_2t.c(10): warning C4244: =: преобразование "double" в "float", возможна потеря данных
c:\users\grisha1.grisha-hppc\documents\visual studio 2017\projects\kursova\kursova\alg_2t.c(32): warning C4244: =: преобразование "double" в "float", возможна потеря данных
  Alg_2.c
  Alg_1t.c
c:\users\grisha1.grisha-hppc\documents\visual studio 2017\projects\kursova\kursova\alg_1t.c(10): warning C4244: =: преобразование "double" в "float", возможна потеря данных
c:\users\grisha1.grisha-hppc\documents\visual studio 2017\projects\kursova\kursova\alg_1t.c(36): warning C4244: =: преобразование "double" в "float", возможна потеря данных
  Alg_1.c
  Создание кода...
c:\users\grisha1.grisha-hppc\documents\visual studio 2017\projects\kursova\kursova\alg_1t.c(54): warning C4715: second_diagonal_1t: значение возвращается не при всех путях выполнения
c:\users\grisha1.grisha-hppc\documents\visual studio 2017\projects\kursova\kursova\alg_1t.c(28): warning C4715: main_diagonal_1t: значение возвращается не при всех путях выполнения
c:\users\grisha1.grisha-hppc\documents\visual studio 2017\projects\kursova\kursova\alg_2t.c(24): warning C4715: main_diagonal_2t: значение возвращается не при всех путях выполнения
c:\users\grisha1.grisha-hppc\documents\visual studio 2017\projects\kursova\kursova\alg_2t.c(46): warning C4715: second_diagonal_2t: значение возвращается не при всех путях выполнения
  kursova.vcxproj -> c:\users\grisha1.grisha-hppc\documents\visual studio 2017\Projects\kursova\Debug\kursova.exe
  kursova.vcxproj -> c:\users\grisha1.grisha-hppc\documents\visual studio 2017\Projects\kursova\Debug\kursova.pdb (Partial PDB)
